Build started 1/27/2020 4:05:43 PM.
     1>Project "C:\Users\serenali\Documents\grt\rplidar_sdk\sdk\workspaces\vc10\ultra_simple\ultra_simple.vcxproj" on node 2 (build target(s)).
     1>InitializeBuildStatus:
         Touching "C:\Users\serenali\Documents\grt\rplidar_sdk\sdk\workspaces\vc10\\..\..\obj\win32\ultra_simple\Debug\ultra_simple.unsuccessfulbuild".
       ClCompile:
         All outputs are up-to-date.
       ManifestResourceCompile:
         All outputs are up-to-date.
       Link:
         C:\Program Files (x86)\Microsoft Visual Studio 10.0\VC\bin\link.exe /ERRORREPORT:PROMPT /OUT:"C:\Users\serenali\Documents\grt\rplidar_sdk\sdk\workspaces\vc10\\..\..\output\win32\Debug\ultra_simple.exe" /INCREMENTAL /NOLOGO /LIBPATH:C:\Users\serenali\Documents\grt\rplidar_sdk\sdk\workspaces\vc10\\..\..\output\win32\Debug /LIBPATH:C:\Users\serenali\opencv2\build\x86\vc14\lib rplidar_driver.lib opencv_imgproc2413d.lib opencv_core2413d.lib kernel32.lib user32.lib gdi32.lib winspool.lib comdlg32.lib advapi32.lib shell32.lib ole32.lib oleaut32.lib uuid.lib odbc32.lib odbccp32.lib /MANIFEST /ManifestFile:"C:\Users\serenali\Documents\grt\rplidar_sdk\sdk\workspaces\vc10\\..\..\obj\win32\ultra_simple\Debug\ultra_simple.exe.intermediate.manifest" /MANIFESTUAC:"level='asInvoker' uiAccess='false'" /DEBUG /PDB:"C:\Users\serenali\Documents\grt\rplidar_sdk\sdk\output\win32\Debug\ultra_simple.pdb" /SUBSYSTEM:CONSOLE /TLBID:1 /DYNAMICBASE /NXCOMPAT /IMPLIB:"C:\Users\serenali\Documents\grt\rplidar_sdk\sdk\workspaces\vc10\\..\..\output\win32\Debug\ultra_simple.lib" /MACHINE:X86 C:\Users\serenali\Documents\grt\rplidar_sdk\sdk\workspaces\vc10\\..\..\obj\win32\ultra_simple\Debug\ultra_simple.exe.embed.manifest.res
         C:\Users\serenali\Documents\grt\rplidar_sdk\sdk\workspaces\vc10\\..\..\obj\win32\ultra_simple\Debug\main.obj
         C:\Users\serenali\Documents\grt\rplidar_sdk\sdk\output\win32\Debug\rplidar_driver.lib
       Manifest:
         C:\Program Files (x86)\Microsoft SDKs\Windows\v7.0A\bin\mt.exe /nologo /verbose /out:"C:\Users\serenali\Documents\grt\rplidar_sdk\sdk\workspaces\vc10\\..\..\obj\win32\ultra_simple\Debug\ultra_simple.exe.embed.manifest" /manifest C:\Users\serenali\Documents\grt\rplidar_sdk\sdk\workspaces\vc10\\..\..\obj\win32\ultra_simple\Debug\ultra_simple.exe.intermediate.manifest
         C:\Program Files (x86)\Microsoft SDKs\Windows\v7.0A\bin\rc.exe /nologo /fo"C:\Users\serenali\Documents\grt\rplidar_sdk\sdk\workspaces\vc10\\..\..\obj\win32\ultra_simple\Debug\ultra_simple.exe.embed.manifest.res" C:\Users\serenali\Documents\grt\rplidar_sdk\sdk\workspaces\vc10\\..\..\obj\win32\ultra_simple\Debug\ultra_simple_manifest.rc 
       LinkEmbedManifest:
         C:\Program Files (x86)\Microsoft Visual Studio 10.0\VC\bin\link.exe /ERRORREPORT:PROMPT /OUT:"C:\Users\serenali\Documents\grt\rplidar_sdk\sdk\workspaces\vc10\\..\..\output\win32\Debug\ultra_simple.exe" /INCREMENTAL /NOLOGO /LIBPATH:C:\Users\serenali\Documents\grt\rplidar_sdk\sdk\workspaces\vc10\\..\..\output\win32\Debug /LIBPATH:C:\Users\serenali\opencv2\build\x86\vc14\lib rplidar_driver.lib opencv_imgproc2413d.lib opencv_core2413d.lib kernel32.lib user32.lib gdi32.lib winspool.lib comdlg32.lib advapi32.lib shell32.lib ole32.lib oleaut32.lib uuid.lib odbc32.lib odbccp32.lib /MANIFEST /ManifestFile:"C:\Users\serenali\Documents\grt\rplidar_sdk\sdk\workspaces\vc10\\..\..\obj\win32\ultra_simple\Debug\ultra_simple.exe.intermediate.manifest" /MANIFESTUAC:"level='asInvoker' uiAccess='false'" /DEBUG /PDB:"C:\Users\serenali\Documents\grt\rplidar_sdk\sdk\output\win32\Debug\ultra_simple.pdb" /SUBSYSTEM:CONSOLE /TLBID:1 /DYNAMICBASE /NXCOMPAT /IMPLIB:"C:\Users\serenali\Documents\grt\rplidar_sdk\sdk\workspaces\vc10\\..\..\output\win32\Debug\ultra_simple.lib" /MACHINE:X86 C:\Users\serenali\Documents\grt\rplidar_sdk\sdk\workspaces\vc10\\..\..\obj\win32\ultra_simple\Debug\ultra_simple.exe.embed.manifest.res
         C:\Users\serenali\Documents\grt\rplidar_sdk\sdk\workspaces\vc10\\..\..\obj\win32\ultra_simple\Debug\main.obj
         C:\Users\serenali\Documents\grt\rplidar_sdk\sdk\output\win32\Debug\rplidar_driver.lib
         ultra_simple.vcxproj -> C:\Users\serenali\Documents\grt\rplidar_sdk\sdk\workspaces\vc10\\..\..\output\win32\Debug\ultra_simple.exe
       FinalizeBuildStatus:
         Deleting file "C:\Users\serenali\Documents\grt\rplidar_sdk\sdk\workspaces\vc10\\..\..\obj\win32\ultra_simple\Debug\ultra_simple.unsuccessfulbuild".
         Touching "C:\Users\serenali\Documents\grt\rplidar_sdk\sdk\workspaces\vc10\\..\..\obj\win32\ultra_simple\Debug\ultra_simple.lastbuildstate".
     1>Done Building Project "C:\Users\serenali\Documents\grt\rplidar_sdk\sdk\workspaces\vc10\ultra_simple\ultra_simple.vcxproj" (build target(s)).

Build succeeded.

Time Elapsed 00:00:02.48
